User prompt: short conversation between elon musk and batman about ec2 instance
User prompt: short conversation between elon musk and batman about ec2 instance
User prompt: short conversation between elon musk and batman about ec2 instance
User prompt: short conversation between Peter Griffin and Donald duck about aws
User prompt: short conversation between Peter Griffin and Donald duck about aws
User prompt: short conversation between Peter Griffin and Donald duck about aws
User prompt: short conversation between Peter Griffin and Donald duck about aws
User prompt: short conversation between Peter Griffin and Donald duck about aws
User prompt: short conversation between Peter Griffin and Donald duck about aws
User prompt: short conversation between donald trump and elon musk about GPU
User prompt: short conversation between Stewie Griffin and Superman about Tailwind css
User prompt: short conversation between captain america and cinderella about TCP
User prompt: short conversation between Batman and Wonder Woman about React hooks
User prompt: batman and superman talk about react hooks
User prompt: Batman and Superman talk about React hooks
User prompt: batman and superman talk about react hooks
User prompt: batman and superman talk about react hooks
User prompt: Peter griffin and donald trump talk very shortly about vibe-coding
User prompt: Peter griffin and donald trump talk very shortly about vibe-coding
User prompt: mickey mouse and optimus prime talk very briefly about dynamic programming
User prompt: Barbie and Green lantern talk very briefly about virtual environments
User prompt: Barbie and Green lantern talk very briefly about Hadoop
User prompt: Mickey mouse and Green lantern talk very briefly about Kafka
